<?xml version="1.0" encoding="UTF-8"?>
<robot generator="Robot 6.1.1 (Python 3.11.4 on darwin)" generated="20230904 12:16:46.051" rpa="false" schemaversion="4">
<suite id="s1" name="Full Regresion" source="/Users/raphaeldamsaceno/Desktop/Demo/Web_Robot/Tests/crm.robot">
<test id="s1-t1" name="Should be able to add a new customer again" line="46">
<kw name="Begin Web Test" library="Common" type="SETUP">
<kw name="Set Selenium Speed" library="SeleniumLibrary">
<arg>.2s</arg>
<doc>Sets the delay that is waited after each Selenium command.</doc>
<status status="PASS" starttime="20230904 12:16:46.352" endtime="20230904 12:16:46.353"/>
</kw>
<kw name="Set Selenium Timeout" library="SeleniumLibrary">
<arg>10s</arg>
<doc>Sets the timeout that is used by various keywords.</doc>
<status status="PASS" starttime="20230904 12:16:46.353" endtime="20230904 12:16:46.353"/>
</kw>
<kw name="Open Browser" library="SeleniumLibrary">
<arg>about:blank</arg>
<arg>${BROWSER}</arg>
<doc>Opens a new browser instance to the optional ``url``.</doc>
<msg timestamp="20230904 12:16:46.354" level="INFO">Opening browser 'headlesschrome' to base url 'about:blank'.</msg>
<status status="PASS" starttime="20230904 12:16:46.353" endtime="20230904 12:16:47.735"/>
</kw>
<kw name="Maximize Browser Window" library="SeleniumLibrary">
<doc>Maximizes current browser window.</doc>
<status status="PASS" starttime="20230904 12:16:47.736" endtime="20230904 12:16:48.044"/>
</kw>
<status status="PASS" starttime="20230904 12:16:46.352" endtime="20230904 12:16:48.044"/>
</kw>
<kw name="Go to &quot;Home&quot; Page" library="crmApp">
<kw name="Nagivate to" library="Home">
<kw name="Go To" library="SeleniumLibrary">
<arg>${URL}</arg>
<doc>Navigates the current browser window to the provided ``url``.</doc>
<msg timestamp="20230904 12:16:48.046" level="INFO">Opening url 'https://automationplayground.com/crm'</msg>
<status status="PASS" starttime="20230904 12:16:48.046" endtime="20230904 12:16:49.003"/>
</kw>
<status status="PASS" starttime="20230904 12:16:48.045" endtime="20230904 12:16:49.003"/>
</kw>
<kw name="Verify Page Loaded" library="Home">
<kw name="Page Should Contain" library="SeleniumLibrary">
<arg>${HOME_HEADER_LABEL}</arg>
<doc>Verifies that current page contains ``text``.</doc>
<msg timestamp="20230904 12:16:49.426" level="INFO">Current page contains text 'Customers Are Priority One!'.</msg>
<status status="PASS" starttime="20230904 12:16:49.004" endtime="20230904 12:16:49.426"/>
</kw>
<status status="PASS" starttime="20230904 12:16:49.004" endtime="20230904 12:16:49.426"/>
</kw>
<status status="PASS" starttime="20230904 12:16:48.045" endtime="20230904 12:16:49.426"/>
</kw>
<kw name="Login with valid Credentials" library="crmApp">
<arg>${VALID_LOGIN_EMAIL}</arg>
<arg>${VALID_LOGIN_PASSWORD}</arg>
<kw name="Click &quot;Sign In&quot; Link" library="TopNav">
<kw name="Click Link" library="SeleniumLibrary">
<arg>${TOPNAV_SIGNIN_LINK}</arg>
<doc>Clicks a link identified by ``locator``.</doc>
<msg timestamp="20230904 12:16:49.429" level="INFO">Clicking link 'id=SignIn'.</msg>
<status status="PASS" starttime="20230904 12:16:49.428" endtime="20230904 12:16:50.280"/>
</kw>
<status status="PASS" starttime="20230904 12:16:49.427" endtime="20230904 12:16:50.280"/>
</kw>
<kw name="Sign in with valid credentials" library="SignInPage">
<arg>${email}</arg>
<arg>${password}</arg>
<kw name="Verify Page Loaded" library="SignInPage">
<kw name="Wait Until Page Contains" library="SeleniumLibrary">
<arg>${SIGNIN_HEADER_LABEL}</arg>
<doc>Waits until ``text`` appears on the current page.</doc>
<status status="PASS" starttime="20230904 12:16:50.281" endtime="20230904 12:16:50.497"/>
</kw>
<status status="PASS" starttime="20230904 12:16:50.281" endtime="20230904 12:16:50.497"/>
</kw>
<kw name="Fill &quot;Email&quot; Field" library="SignInPage">
<arg>${email}</arg>
<kw name="Input Text" library="SeleniumLibrary">
<arg>${SIGN_EMAIL_TEXTBOX}</arg>
<arg>${email}</arg>
<doc>Types the given ``text`` into the text field identified by ``locator``.</doc>
<msg timestamp="20230904 12:16:50.498" level="INFO">Typing text 'admin@robot.com' into text field 'id=email-id'.</msg>
<status status="PASS" starttime="20230904 12:16:50.498" endtime="20230904 12:16:51.287"/>
</kw>
<status status="PASS" starttime="20230904 12:16:50.497" endtime="20230904 12:16:51.287"/>
</kw>
<kw name="Fill &quot;Password&quot; Field" library="SignInPage">
<arg>${password}</arg>
<kw name="Input Text" library="SeleniumLibrary">
<arg>${SIGN_PASSWORD_TEXTBOX}</arg>
<arg>${password}</arg>
<doc>Types the given ``text`` into the text field identified by ``locator``.</doc>
<msg timestamp="20230904 12:16:51.289" level="INFO">Typing text 'GoodPassword' into text field 'id=password'.</msg>
<status status="PASS" starttime="20230904 12:16:51.288" endtime="20230904 12:16:51.980"/>
</kw>
<status status="PASS" starttime="20230904 12:16:51.288" endtime="20230904 12:16:51.980"/>
</kw>
<kw name="Click &quot;Submit&quot; Button" library="SignInPage">
<kw name="Click Button" library="SeleniumLibrary">
<arg>${SIGN_SUBMIT_BUTTON}</arg>
<doc>Clicks the button identified by ``locator``.</doc>
<msg timestamp="20230904 12:16:51.981" level="INFO">Clicking button 'id=submit-id'.</msg>
<status status="PASS" starttime="20230904 12:16:51.980" endtime="20230904 12:16:53.308"/>
</kw>
<status status="PASS" starttime="20230904 12:16:51.980" endtime="20230904 12:16:53.308"/>
</kw>
<status status="PASS" starttime="20230904 12:16:50.281" endtime="20230904 12:16:53.308"/>
</kw>
<kw name="Verify Page Loaded" library="Customers">
<kw name="Wait Until Page Contains" library="SeleniumLibrary">
<arg>${CUSTOMERS_HEADER_LABEL}</arg>
<doc>Waits until ``text`` appears on the current page.</doc>
<status status="PASS" starttime="20230904 12:16:53.309" endtime="20230904 12:16:53.524"/>
</kw>
<status status="PASS" starttime="20230904 12:16:53.308" endtime="20230904 12:16:53.525"/>
</kw>
<status status="PASS" starttime="20230904 12:16:49.427" endtime="20230904 12:16:53.525"/>
</kw>
<kw name="Add New Customer python" library="crmApp">
<kw name="Click Add Customer Link" library="Customers">
<kw name="Click Link" library="SeleniumLibrary">
<arg>${CUSTOMERS_ADD_CUSTOMER_LINK}</arg>
<doc>Clicks a link identified by ``locator``.</doc>
<msg timestamp="20230904 12:16:53.526" level="INFO">Clicking link 'id=new-customer'.</msg>
<status status="PASS" starttime="20230904 12:16:53.526" endtime="20230904 12:16:54.407"/>
</kw>
<status status="PASS" starttime="20230904 12:16:53.526" endtime="20230904 12:16:54.407"/>
</kw>
<kw name="Verify Page Loaded" library="AddCustomer">
<kw name="Wait Until Page Contains" library="SeleniumLibrary">
<arg>${ADDCUSTOMER_HEADER_LABEL}</arg>
<doc>Waits until ``text`` appears on the current page.</doc>
<status status="PASS" starttime="20230904 12:16:54.408" endtime="20230904 12:16:54.622"/>
</kw>
<status status="PASS" starttime="20230904 12:16:54.407" endtime="20230904 12:16:54.623"/>
</kw>
<kw name="Create new user" library="AddCustomer">
<var>${email}</var>
<var>${first_name}</var>
<var>${last_name}</var>
<var>${city}</var>
<var>${state}</var>
<var>${gender}</var>
<kw name="add_customer.generate new customer">
<var>${user}</var>
<msg timestamp="20230904 12:16:54.630" level="FAIL">No keyword with name 'add_customer.generate new customer' found.</msg>
<status status="FAIL" starttime="20230904 12:16:54.630" endtime="20230904 12:16:54.630"/>
</kw>
<kw name="Get From Dictionary" library="Collections">
<var>${gender}</var>
<arg>${user['results'][0]}</arg>
<arg>gender</arg>
<doc>Returns a value from the given ``dictionary`` based on the given ``key``.</doc>
<status status="NOT RUN" starttime="20230904 12:16:54.630" endtime="20230904 12:16:54.630"/>
</kw>
<kw name="Get From Dictionary" library="Collections">
<var>${first_name}</var>
<arg>${user['results'][0]['name']}</arg>
<arg>first</arg>
<doc>Returns a value from the given ``dictionary`` based on the given ``key``.</doc>
<status status="NOT RUN" starttime="20230904 12:16:54.630" endtime="20230904 12:16:54.630"/>
</kw>
<kw name="Get From Dictionary" library="Collections">
<var>${last_name}</var>
<arg>${user['results'][0]['name']}</arg>
<arg>last</arg>
<doc>Returns a value from the given ``dictionary`` based on the given ``key``.</doc>
<status status="NOT RUN" starttime="20230904 12:16:54.630" endtime="20230904 12:16:54.630"/>
</kw>
<kw name="Get From Dictionary" library="Collections">
<var>${email}</var>
<arg>${user['results'][0]}</arg>
<arg>email</arg>
<doc>Returns a value from the given ``dictionary`` based on the given ``key``.</doc>
<status status="NOT RUN" starttime="20230904 12:16:54.630" endtime="20230904 12:16:54.630"/>
</kw>
<kw name="Get From Dictionary" library="Collections">
<var>${city}</var>
<arg>${user['results'][0]['location']}</arg>
<arg>city</arg>
<doc>Returns a value from the given ``dictionary`` based on the given ``key``.</doc>
<status status="NOT RUN" starttime="20230904 12:16:54.631" endtime="20230904 12:16:54.631"/>
</kw>
<kw name="Get From Dictionary" library="Collections">
<var>${state_value}</var>
<arg>${user['results'][0]['location']}</arg>
<arg>state</arg>
<doc>Returns a value from the given ``dictionary`` based on the given ``key``.</doc>
<status status="NOT RUN" starttime="20230904 12:16:54.631" endtime="20230904 12:16:54.631"/>
</kw>
<kw name="add_customer.get_state_key">
<var>${state}</var>
<arg>${state_value}</arg>
<status status="NOT RUN" starttime="20230904 12:16:54.635" endtime="20230904 12:16:54.636"/>
</kw>
<status status="FAIL" starttime="20230904 12:16:54.623" endtime="20230904 12:16:54.636"/>
</kw>
<kw name="Add New Customer using Python" library="AddCustomer">
<arg>${email}</arg>
<arg>${first_name}</arg>
<arg>${last_name}</arg>
<arg>${city}</arg>
<arg>${state}</arg>
<arg>${gender}</arg>
<status status="NOT RUN" starttime="20230904 12:16:54.636" endtime="20230904 12:16:54.636"/>
</kw>
<status status="FAIL" starttime="20230904 12:16:53.525" endtime="20230904 12:16:54.636"/>
</kw>
<kw name="Sign Out" library="crmApp">
<status status="NOT RUN" starttime="20230904 12:16:54.636" endtime="20230904 12:16:54.636"/>
</kw>
<kw name="End Web Test" library="Common" type="TEARDOWN">
<kw name="Close Browser" library="SeleniumLibrary">
<doc>Closes the current browser.</doc>
<status status="PASS" starttime="20230904 12:16:54.637" endtime="20230904 12:16:54.906"/>
</kw>
<status status="PASS" starttime="20230904 12:16:54.637" endtime="20230904 12:16:54.906"/>
</kw>
<doc>Test adding a new customer</doc>
<tag>1004</tag>
<tag>Contacts</tag>
<tag>Smoke</tag>
<status status="FAIL" starttime="20230904 12:16:46.351" endtime="20230904 12:16:54.906">No keyword with name 'add_customer.generate new customer' found.</status>
</test>
<doc>This is some basic info about the whole suite</doc>
<status status="FAIL" starttime="20230904 12:16:46.053" endtime="20230904 12:16:54.907"/>
</suite>
<statistics>
<total>
<stat pass="0" fail="1" skip="0">All Tests</stat>
</total>
<tag>
<stat pass="0" fail="1" skip="0">1004</stat>
<stat pass="0" fail="1" skip="0">Contacts</stat>
<stat pass="0" fail="1" skip="0">Smoke</stat>
</tag>
<suite>
<stat pass="0" fail="1" skip="0" id="s1" name="Full Regresion">Full Regresion</stat>
</suite>
</statistics>
<errors>
<msg timestamp="20230904 12:16:46.341" level="ERROR">Error in file '/Users/raphaeldamsaceno/Desktop/Demo/Web_Robot/Resources/PO/AddCustomer.robot' on line 4: Library '/Users/raphaeldamsaceno/Desktop/Web_Robot/Library/add_customer.py' does not exist.</msg>
</errors>
</robot>
