<?xml version="1.0" encoding="UTF-8"?>
<robot generator="Robot 6.1.1 (Python 3.11.4 on darwin)" generated="20230902 18:08:53.183" rpa="false" schemaversion="4">
<suite id="s1" name="Crm" source="/Users/raphaeldamsaceno/Desktop/Web_Robot/Tests/crm.robot">
<test id="s1-t1" name="Should be able to add a new customer" line="13">
<kw name="Set Selenium Speed" library="SeleniumLibrary">
<arg>.2s</arg>
<doc>Sets the delay that is waited after each Selenium command.</doc>
<status status="PASS" starttime="20230902 18:08:53.376" endtime="20230902 18:08:53.376"/>
</kw>
<kw name="Set Selenium Timeout" library="SeleniumLibrary">
<arg>10s</arg>
<doc>Sets the timeout that is used by various keywords.</doc>
<status status="PASS" starttime="20230902 18:08:53.377" endtime="20230902 18:08:53.377"/>
</kw>
<kw name="Log" library="BuiltIn">
<arg>Starting the test case!</arg>
<doc>Logs the given message with the given level.</doc>
<msg timestamp="20230902 18:08:53.377" level="INFO">Starting the test case!</msg>
<status status="PASS" starttime="20230902 18:08:53.377" endtime="20230902 18:08:53.377"/>
</kw>
<kw name="Open Browser" library="SeleniumLibrary">
<arg>${LOGIN URL}</arg>
<arg>${BROWSER}</arg>
<doc>Opens a new browser instance to the optional ``url``.</doc>
<msg timestamp="20230902 18:08:53.378" level="INFO">Opening browser 'chrome' to base url 'https://automationplayground.com/crm'.</msg>
<status status="PASS" starttime="20230902 18:08:53.377" endtime="20230902 18:08:56.277"/>
</kw>
<kw name="Maximize Browser Window" library="SeleniumLibrary">
<doc>Maximizes current browser window.</doc>
<status status="PASS" starttime="20230902 18:08:56.278" endtime="20230902 18:08:56.962"/>
</kw>
<kw name="Page Should Contain" library="SeleniumLibrary">
<arg>Customers Are Priority One!</arg>
<doc>Verifies that current page contains ``text``.</doc>
<msg timestamp="20230902 18:08:57.384" level="INFO">Current page contains text 'Customers Are Priority One!'.</msg>
<status status="PASS" starttime="20230902 18:08:56.963" endtime="20230902 18:08:57.385"/>
</kw>
<kw name="Click Link" library="SeleniumLibrary">
<arg>id=SignIn</arg>
<doc>Clicks a link identified by ``locator``.</doc>
<msg timestamp="20230902 18:08:57.386" level="INFO">Clicking link 'id=SignIn'.</msg>
<status status="PASS" starttime="20230902 18:08:57.385" endtime="20230902 18:08:58.234"/>
</kw>
<kw name="Page Should Contain" library="SeleniumLibrary">
<arg>Login</arg>
<doc>Verifies that current page contains ``text``.</doc>
<msg timestamp="20230902 18:08:58.660" level="INFO">Current page contains text 'Login'.</msg>
<status status="PASS" starttime="20230902 18:08:58.235" endtime="20230902 18:08:58.660"/>
</kw>
<kw name="Input Text" library="SeleniumLibrary">
<arg>id=email-id</arg>
<arg>admin@robot.com</arg>
<doc>Types the given ``text`` into the text field identified by ``locator``.</doc>
<msg timestamp="20230902 18:08:58.661" level="INFO">Typing text 'admin@robot.com' into text field 'id=email-id'.</msg>
<status status="PASS" starttime="20230902 18:08:58.661" endtime="20230902 18:08:59.468"/>
</kw>
<kw name="Input Text" library="SeleniumLibrary">
<arg>id=password</arg>
<arg>123</arg>
<doc>Types the given ``text`` into the text field identified by ``locator``.</doc>
<msg timestamp="20230902 18:08:59.469" level="INFO">Typing text '123' into text field 'id=password'.</msg>
<status status="PASS" starttime="20230902 18:08:59.468" endtime="20230902 18:09:00.165"/>
</kw>
<kw name="Click Button" library="SeleniumLibrary">
<arg>id=submit-id</arg>
<doc>Clicks the button identified by ``locator``.</doc>
<msg timestamp="20230902 18:09:00.166" level="INFO">Clicking button 'id=submit-id'.</msg>
<status status="PASS" starttime="20230902 18:09:00.165" endtime="20230902 18:09:01.380"/>
</kw>
<kw name="Wait Until Page Contains" library="SeleniumLibrary">
<arg>Our Happy Customers</arg>
<doc>Waits until ``text`` appears on the current page.</doc>
<status status="PASS" starttime="20230902 18:09:01.380" endtime="20230902 18:09:01.598"/>
</kw>
<kw name="Click Link" library="SeleniumLibrary">
<arg>id=new-customer</arg>
<doc>Clicks a link identified by ``locator``.</doc>
<msg timestamp="20230902 18:09:01.600" level="INFO">Clicking link 'id=new-customer'.</msg>
<status status="PASS" starttime="20230902 18:09:01.599" endtime="20230902 18:09:02.477"/>
</kw>
<kw name="Page Should Contain" library="SeleniumLibrary">
<arg>Add Customer</arg>
<doc>Verifies that current page contains ``text``.</doc>
<msg timestamp="20230902 18:09:02.901" level="INFO">Current page contains text 'Add Customer'.</msg>
<status status="PASS" starttime="20230902 18:09:02.478" endtime="20230902 18:09:02.901"/>
</kw>
<kw name="Input Text" library="SeleniumLibrary">
<arg>id=EmailAddress</arg>
<arg>Robin_Reed@hotmail.com</arg>
<doc>Types the given ``text`` into the text field identified by ``locator``.</doc>
<msg timestamp="20230902 18:09:02.902" level="INFO">Typing text 'Robin_Reed@hotmail.com' into text field 'id=EmailAddress'.</msg>
<status status="PASS" starttime="20230902 18:09:02.901" endtime="20230902 18:09:03.601"/>
</kw>
<kw name="Input Text" library="SeleniumLibrary">
<arg>id=FirstName</arg>
<arg>Robin</arg>
<doc>Types the given ``text`` into the text field identified by ``locator``.</doc>
<msg timestamp="20230902 18:09:03.602" level="INFO">Typing text 'Robin' into text field 'id=FirstName'.</msg>
<status status="PASS" starttime="20230902 18:09:03.601" endtime="20230902 18:09:04.333"/>
</kw>
<kw name="Input Text" library="SeleniumLibrary">
<arg>id=LastName</arg>
<arg>Reed</arg>
<doc>Types the given ``text`` into the text field identified by ``locator``.</doc>
<msg timestamp="20230902 18:09:04.334" level="INFO">Typing text 'Reed' into text field 'id=LastName'.</msg>
<status status="PASS" starttime="20230902 18:09:04.333" endtime="20230902 18:09:05.021"/>
</kw>
<kw name="Input Text" library="SeleniumLibrary">
<arg>id=City</arg>
<arg>New York City</arg>
<doc>Types the given ``text`` into the text field identified by ``locator``.</doc>
<msg timestamp="20230902 18:09:05.022" level="INFO">Typing text 'New York City' into text field 'id=City'.</msg>
<status status="PASS" starttime="20230902 18:09:05.021" endtime="20230902 18:09:05.718"/>
</kw>
<kw name="Select From List By Value" library="SeleniumLibrary">
<arg>id=StateOrRegion</arg>
<arg>NY</arg>
<doc>Selects options from selection list ``locator`` by ``values``.</doc>
<msg timestamp="20230902 18:09:05.719" level="INFO">Selecting options from selection list 'id=StateOrRegion' by value NY.</msg>
<status status="PASS" starttime="20230902 18:09:05.719" endtime="20230902 18:09:07.451"/>
</kw>
<kw name="Select Radio Button" library="SeleniumLibrary">
<arg>gender</arg>
<arg>male</arg>
<doc>Sets the radio button group ``group_name`` to ``value``.</doc>
<msg timestamp="20230902 18:09:07.451" level="INFO">Selecting 'male' from radio button 'gender'.</msg>
<status status="PASS" starttime="20230902 18:09:07.451" endtime="20230902 18:09:08.118"/>
</kw>
<kw name="Select Checkbox" library="SeleniumLibrary">
<arg>name=promos-name</arg>
<doc>Selects the checkbox identified by ``locator``.</doc>
<msg timestamp="20230902 18:09:08.119" level="INFO">Selecting checkbox 'name=promos-name'.</msg>
<status status="PASS" starttime="20230902 18:09:08.118" endtime="20230902 18:09:09.204"/>
</kw>
<kw name="Click Button" library="SeleniumLibrary">
<arg>Submit</arg>
<doc>Clicks the button identified by ``locator``.</doc>
<msg timestamp="20230902 18:09:09.204" level="INFO">Clicking button 'Submit'.</msg>
<status status="PASS" starttime="20230902 18:09:09.204" endtime="20230902 18:09:10.193"/>
</kw>
<kw name="Wait Until Page Contains" library="SeleniumLibrary">
<arg>Success! New customer added.</arg>
<doc>Waits until ``text`` appears on the current page.</doc>
<status status="PASS" starttime="20230902 18:09:10.193" endtime="20230902 18:09:10.407"/>
</kw>
<kw name="Sleep" library="BuiltIn">
<arg>3s</arg>
<doc>Pauses the test executed for the given time.</doc>
<msg timestamp="20230902 18:09:13.408" level="INFO">Slept 3 seconds</msg>
<status status="PASS" starttime="20230902 18:09:10.408" endtime="20230902 18:09:13.408"/>
</kw>
<kw name="Close Browser" library="SeleniumLibrary">
<doc>Closes the current browser.</doc>
<status status="PASS" starttime="20230902 18:09:13.409" endtime="20230902 18:09:13.729"/>
</kw>
<doc>This is some basic info about the test</doc>
<tag>1006</tag>
<tag>Contacts</tag>
<tag>Smoke</tag>
<status status="PASS" starttime="20230902 18:08:53.375" endtime="20230902 18:09:13.729"/>
</test>
<doc>This is some basic info about the whole suite</doc>
<status status="PASS" starttime="20230902 18:08:53.184" endtime="20230902 18:09:13.730"/>
</suite>
<statistics>
<total>
<stat pass="1" fail="0" skip="0">All Tests</stat>
</total>
<tag>
<stat pass="1" fail="0" skip="0">1006</stat>
<stat pass="1" fail="0" skip="0">Contacts</stat>
<stat pass="1" fail="0" skip="0">Smoke</stat>
</tag>
<suite>
<stat pass="1" fail="0" skip="0" id="s1" name="Crm">Crm</stat>
</suite>
</statistics>
<errors>
</errors>
</robot>
